<?xml version="1.0" encoding="UTF-8"?>
<!-- Generated by org.testng.reporters.JUnitXMLReporter -->
<testsuite ignored="0" hostname="DESKTOP-E9SL309" failures="0" tests="3" name="EdgeTests" time="33.757" errors="0" timestamp="2026-07-04T11:55:09 IST">
  <testcase classname="com.orangehrm.tests.LoginTest" name="verifyLoginWithExcelData" time="3.814"/>
  <testcase classname="com.orangehrm.tests.LoginTest" name="PIM" time="6.764"/>
  <testcase classname="com.orangehrm.tests.RequirementTest" name="addCandidates" time="9.76"/>
</testsuite> <!-- EdgeTests -->
