<?xml version="1.0" encoding="UTF-8"?>
<!-- Generated by org.testng.reporters.JUnitXMLReporter -->
<testsuite ignored="0" hostname="DESKTOP-E9SL309" failures="0" tests="3" name="Tests" time="38.101" errors="0" timestamp="2026-07-03T22:06:05 IST">
  <testcase classname="com.orangehrm.tests.LoginTest" name="verifyLoginWithExcelData" time="5.504"/>
  <testcase classname="com.orangehrm.tests.LoginTest" name="PIM" time="7.01"/>
  <testcase classname="com.orangehrm.tests.RequirementTest" name="addCandidates" time="10.111"/>
</testsuite> <!-- Tests -->
