<?xml version="1.0" encoding="UTF-8"?>
<testng-results ignored="0" total="6" passed="6" failed="0" skipped="0">
  <reporter-output>
    <line>
      <![CDATA[Login Successful:]]>
    </line>
    <line>
      <![CDATA[Login Successful:]]>
    </line>
    <line>
      <![CDATA[Clicked on PIM]]>
    </line>
    <line>
      <![CDATA[Clicked on PIM]]>
    </line>
    <line>
      <![CDATA[Clicked on Requirement Menu]]>
    </line>
    <line>
      <![CDATA[Clicked on Requirement Menu]]>
    </line>
    <line>
      <![CDATA[successfully added candidate in requirement menu]]>
    </line>
    <line>
      <![CDATA[successfully added candidate in requirement menu]]>
    </line>
  </reporter-output>
  <suite started-at="2026-07-04T11:54:35 IST" name="OrangeHRM_Suite" finished-at="2026-07-04T11:55:09 IST" duration-ms="33757">
    <groups>
    </groups>
    <test started-at="2026-07-04T11:54:35 IST" name="ChromeTests" finished-at="2026-07-04T11:55:07 IST" duration-ms="31907">
      <class name="com.orangehrm.tests.RequirementTest">
        <test-method is-config="true" signature="setUp(java.lang.String)[pri:0, instance:com.orangehrm.tests.RequirementTest@70e38ce1]" started-at="2026-07-04T11:54:53 IST" name="setUp" finished-at="2026-07-04T11:54:58 IST" duration-ms="5225" status="PASS">
          <params>
            <param index="0">
              <value>
                <![CDATA[chrome]]>
              </value>
            </param>
          </params>
          <reporter-output>
          </reporter-output>
        </test-method> <!-- setUp -->
        <test-method signature="addCandidates()[pri:0, instance:com.orangehrm.tests.RequirementTest@70e38ce1]" started-at="2026-07-04T11:54:58 IST" name="addCandidates" finished-at="2026-07-04T11:55:07 IST" duration-ms="8834" status="PASS">
          <reporter-output>
            <line>
              <![CDATA[Clicked on Requirement Menu]]>
            </line>
            <line>
              <![CDATA[successfully added candidate in requirement menu]]>
            </line>
          </reporter-output>
        </test-method> <!-- addCandidates -->
        <test-method is-config="true" signature="tearDown()[pri:0, instance:com.orangehrm.tests.RequirementTest@70e38ce1]" started-at="2026-07-04T11:55:07 IST" name="tearDown" finished-at="2026-07-04T11:55:07 IST" duration-ms="175" status="PASS">
          <reporter-output>
          </reporter-output>
        </test-method> <!-- tearDown -->
      </class> <!-- com.orangehrm.tests.RequirementTest -->
      <class name="com.orangehrm.tests.LoginTest">
        <test-method is-config="true" signature="setUp(java.lang.String)[pri:0, instance:com.orangehrm.tests.LoginTest@b86de0d]" started-at="2026-07-04T11:54:35 IST" name="setUp" finished-at="2026-07-04T11:54:41 IST" duration-ms="5863" status="PASS">
          <params>
            <param index="0">
              <value>
                <![CDATA[chrome]]>
              </value>
            </param>
          </params>
          <reporter-output>
          </reporter-output>
        </test-method> <!-- setUp -->
        <test-method signature="verifyLoginWithExcelData()[pri:0, instance:com.orangehrm.tests.LoginTest@b86de0d]" started-at="2026-07-04T11:54:41 IST" name="verifyLoginWithExcelData" finished-at="2026-07-04T11:54:45 IST" duration-ms="3634" status="PASS">
          <reporter-output>
            <line>
              <![CDATA[Login Successful:]]>
            </line>
          </reporter-output>
        </test-method> <!-- verifyLoginWithExcelData -->
        <test-method signature="PIM()[pri:0, instance:com.orangehrm.tests.LoginTest@b86de0d]" started-at="2026-07-04T11:54:45 IST" name="PIM" finished-at="2026-07-04T11:54:52 IST" depends-on-methods="com.orangehrm.tests.LoginTest.verifyLoginWithExcelData" duration-ms="6985" status="PASS">
          <reporter-output>
            <line>
              <![CDATA[Clicked on PIM]]>
            </line>
          </reporter-output>
        </test-method> <!-- PIM -->
        <test-method is-config="true" signature="tearDown()[pri:0, instance:com.orangehrm.tests.LoginTest@b86de0d]" started-at="2026-07-04T11:54:52 IST" name="tearDown" finished-at="2026-07-04T11:54:53 IST" duration-ms="191" status="PASS">
          <reporter-output>
          </reporter-output>
        </test-method> <!-- tearDown -->
      </class> <!-- com.orangehrm.tests.LoginTest -->
    </test> <!-- ChromeTests -->
    <test started-at="2026-07-04T11:54:35 IST" name="EdgeTests" finished-at="2026-07-04T11:55:09 IST" duration-ms="33757">
      <class name="com.orangehrm.tests.RequirementTest">
        <test-method is-config="true" signature="setUp(java.lang.String)[pri:0, instance:com.orangehrm.tests.RequirementTest@7b993c65]" started-at="2026-07-04T11:54:52 IST" name="setUp" finished-at="2026-07-04T11:54:59 IST" duration-ms="6531" status="PASS">
          <params>
            <param index="0">
              <value>
                <![CDATA[edge]]>
              </value>
            </param>
          </params>
          <reporter-output>
          </reporter-output>
        </test-method> <!-- setUp -->
        <test-method signature="addCandidates()[pri:0, instance:com.orangehrm.tests.RequirementTest@7b993c65]" started-at="2026-07-04T11:54:59 IST" name="addCandidates" finished-at="2026-07-04T11:55:09 IST" duration-ms="9760" status="PASS">
          <reporter-output>
            <line>
              <![CDATA[Clicked on Requirement Menu]]>
            </line>
            <line>
              <![CDATA[successfully added candidate in requirement menu]]>
            </line>
          </reporter-output>
        </test-method> <!-- addCandidates -->
        <test-method is-config="true" signature="tearDown()[pri:0, instance:com.orangehrm.tests.RequirementTest@7b993c65]" started-at="2026-07-04T11:55:09 IST" name="tearDown" finished-at="2026-07-04T11:55:09 IST" duration-ms="118" status="PASS">
          <reporter-output>
          </reporter-output>
        </test-method> <!-- tearDown -->
      </class> <!-- com.orangehrm.tests.RequirementTest -->
      <class name="com.orangehrm.tests.LoginTest">
        <test-method is-config="true" signature="setUp(java.lang.String)[pri:0, instance:com.orangehrm.tests.LoginTest@23202fce]" started-at="2026-07-04T11:54:35 IST" name="setUp" finished-at="2026-07-04T11:54:40 IST" duration-ms="5281" status="PASS">
          <params>
            <param index="0">
              <value>
                <![CDATA[edge]]>
              </value>
            </param>
          </params>
          <reporter-output>
          </reporter-output>
        </test-method> <!-- setUp -->
        <test-method signature="verifyLoginWithExcelData()[pri:0, instance:com.orangehrm.tests.LoginTest@23202fce]" started-at="2026-07-04T11:54:40 IST" name="verifyLoginWithExcelData" finished-at="2026-07-04T11:54:44 IST" duration-ms="3814" status="PASS">
          <reporter-output>
            <line>
              <![CDATA[Login Successful:]]>
            </line>
          </reporter-output>
        </test-method> <!-- verifyLoginWithExcelData -->
        <test-method signature="PIM()[pri:0, instance:com.orangehrm.tests.LoginTest@23202fce]" started-at="2026-07-04T11:54:45 IST" name="PIM" finished-at="2026-07-04T11:54:52 IST" depends-on-methods="com.orangehrm.tests.LoginTest.verifyLoginWithExcelData" duration-ms="6764" status="PASS">
          <reporter-output>
            <line>
              <![CDATA[Clicked on PIM]]>
            </line>
          </reporter-output>
        </test-method> <!-- PIM -->
        <test-method is-config="true" signature="tearDown()[pri:0, instance:com.orangehrm.tests.LoginTest@23202fce]" started-at="2026-07-04T11:54:52 IST" name="tearDown" finished-at="2026-07-04T11:54:52 IST" duration-ms="315" status="PASS">
          <reporter-output>
          </reporter-output>
        </test-method> <!-- tearDown -->
      </class> <!-- com.orangehrm.tests.LoginTest -->
    </test> <!-- EdgeTests -->
  </suite> <!-- OrangeHRM_Suite -->
</testng-results>
