<?xml version="1.0" encoding="UTF-8"?>
<!-- Generated by org.testng.reporters.JUnitReportReporter -->
<testsuite hostname="DESKTOP-E9SL309" failures="0" tests="2" name="com.orangehrm.tests.RequirementTest" time="18.594" errors="0" timestamp="2026-07-04T11:55:09 IST" skipped="0">
  <testcase classname="com.orangehrm.tests.RequirementTest" name="addCandidates" time="9.760">
    <system-out>
      <![CDATA[Clicked on Requirement Menu
successfully added candidate in requirement menu]]>
    </system-out>
  </testcase> <!-- addCandidates -->
  <testcase classname="com.orangehrm.tests.RequirementTest" name="addCandidates" time="8.834">
    <system-out>
      <![CDATA[Clicked on Requirement Menu
successfully added candidate in requirement menu]]>
    </system-out>
  </testcase> <!-- addCandidates -->
  <system-out>
    <![CDATA[Login Successful:
Login Successful:
Clicked on PIM
Clicked on PIM
Clicked on Requirement Menu
Clicked on Requirement Menu
successfully added candidate in requirement menu
successfully added candidate in requirement menu]]>
  </system-out>
</testsuite> <!-- com.orangehrm.tests.RequirementTest -->
