<?xml version="1.0" encoding="UTF-8"?>
<!-- Generated by org.testng.reporters.JUnitReportReporter -->
<testsuite hostname="DESKTOP-E9SL309" failures="0" tests="4" name="com.orangehrm.tests.LoginTest" time="21.197" errors="0" timestamp="2026-07-04T11:55:09 IST" skipped="0">
  <testcase classname="com.orangehrm.tests.LoginTest" name="PIM" time="6.985">
    <system-out>
      <![CDATA[Clicked on PIM]]>
    </system-out>
  </testcase> <!-- PIM -->
  <testcase classname="com.orangehrm.tests.LoginTest" name="verifyLoginWithExcelData" time="3.814">
    <system-out>
      <![CDATA[Login Successful:]]>
    </system-out>
  </testcase> <!-- verifyLoginWithExcelData -->
  <testcase classname="com.orangehrm.tests.LoginTest" name="PIM" time="6.764">
    <system-out>
      <![CDATA[Clicked on PIM]]>
    </system-out>
  </testcase> <!-- PIM -->
  <testcase classname="com.orangehrm.tests.LoginTest" name="verifyLoginWithExcelData" time="3.634">
    <system-out>
      <![CDATA[Login Successful:]]>
    </system-out>
  </testcase> <!-- verifyLoginWithExcelData -->
  <system-out>
    <![CDATA[Login Successful:
Login Successful:
Clicked on PIM
Clicked on PIM
Clicked on Requirement Menu
Clicked on Requirement Menu
successfully added candidate in requirement menu
successfully added candidate in requirement menu]]>
  </system-out>
</testsuite> <!-- com.orangehrm.tests.LoginTest -->
